#
# There is insufficient memory for the Java Runtime Environment to continue.
# Native memory allocation (mmap) failed to map 132120576 bytes for G1 virtual space
# Possible reasons:
#   The system is out of physical RAM or swap space
#   The process is running with CompressedOops enabled, and the Java Heap may be blocking the growth of the native heap
# Possible solutions:
#   Reduce memory load on the system
#   Increase physical memory or swap space
#   Check if swap backing store is full
#   Decrease Java heap size (-Xmx/-Xms)
#   Decrease number of Java threads
#   Decrease Java thread stack sizes (-Xss)
#   Set larger code cache with -XX:ReservedCodeCacheSize=
#   JVM is running with Unscaled Compressed Oops mode in which the Java heap is
#     placed in the first 4GB address space. The Java Heap base address is the
#     maximum limit for the native heap growth. Please use -XX:HeapBaseMinAddress
#     to set the Java Heap base and to place the Java Heap above 4GB virtual address.
# This output file may be truncated or incomplete.
#
#  Out of Memory Error (os_windows.cpp:3600), pid=16148, tid=9720
#
# JRE version:  (21.0+35) (build )
# Java VM: OpenJDK 64-Bit Server VM (21+35-2513, mixed mode, sharing, tiered, compressed oops, compressed class ptrs, g1 gc, windows-amd64)
# No core dump will be written. Minidumps are not enabled by default on client versions of Windows
#

---------------  S U M M A R Y ------------

Command Line: -javaagent:C:\Program Files\JetBrains\IntelliJ IDEA Community Edition 2022.3.2\lib\idea_rt.jar=51242:C:\Program Files\JetBrains\IntelliJ IDEA Community Edition 2022.3.2\bin -Dfile.encoding=UTF-8 -Dsun.stdout.encoding=UTF-8 -Dsun.stderr.encoding=UTF-8 --module-path=C:\Users\Alena\.m2\repository\org\openjfx\javafx-base\17.0.2\javafx-base-17.0.2-win.jar;C:\Users\Alena\.m2\repository\org\openjfx\javafx-controls\17.0.2\javafx-controls-17.0.2-win.jar;C:\Users\Alena\IdeaProjects\EMAE\target\classes;C:\Users\Alena\.m2\repository\org\openjfx\javafx-graphics\17.0.2\javafx-graphics-17.0.2-win.jar;C:\Users\Alena\.m2\repository\org\openjfx\javafx-fxml\17.0.2\javafx-fxml-17.0.2-win.jar -Djdk.module.main=com.example.emae com.example.emae/com.example.emae.Main

Host: Intel(R) Core(TM) i5-10210U CPU @ 1.60GHz, 8 cores, 7G,  Windows 11 , 64 bit Build 22621 (10.0.22621.2428)
Time: Fri Nov 17 12:24:52 2023 RTZ 2 (s 11 , 64 bit Build 22621 (10.0.22621.2428) elapsed time: 0.035377 seconds (0d 0h 0m 0s)

---------------  T H R E A D  ---------------

Current thread (0x0000019438d63ac0):  JavaThread "Unknown thread" [_thread_in_vm, id=9720, stack(0x00000039b1500000,0x00000039b1600000) (1024K)]

Stack: [0x00000039b1500000,0x00000039b1600000]
Native frames: (J=compiled Java code, j=interpreted, Vv=VM code, C=native code)
V  [jvm.dll+0x6c8d39]
V  [jvm.dll+0x854091]
V  [jvm.dll+0x85630e]
V  [jvm.dll+0x8569e3]
V  [jvm.dll+0x2809a6]
V  [jvm.dll+0x6c5425]
V  [jvm.dll+0x6b9e1a]
V  [jvm.dll+0x3555ba]
V  [jvm.dll+0x35d206]
V  [jvm.dll+0x3adf6e]
V  [jvm.dll+0x3ae218]
V  [jvm.dll+0x328fcc]
V  [jvm.dll+0x329b5b]
V  [jvm.dll+0x81c699]
V  [jvm.dll+0x3bb2a1]
V  [jvm.dll+0x805688]
V  [jvm.dll+0x44ed9e]
V  [jvm.dll+0x4506a1]
C  [jli.dll+0x52a3]
C  [ucrtbase.dll+0x29363]
C  [KERNEL32.DLL+0x1257d]
C  [ntdll.dll+0x5aa78]


---------------  P R O C E S S  ---------------

Threads class SMR info:
_java_thread_list=0x00007ffc13757b48, length=0, elements={
}

Java Threads: ( => current thread )
Total: 0

Other Threads:
  0x000001943b096550 WorkerThread "GC Thread#0"                     [id=27764, stack(0x00000039b1600000,0x00000039b1700000) (1024K)]
  0x000001943b0a71e0 ConcurrentGCThread "G1 Main Marker"            [id=12252, stack(0x00000039b1700000,0x00000039b1800000) (1024K)]
  0x000001943b0a8480 WorkerThread "G1 Conc#0"                       [id=29176, stack(0x00000039b1800000,0x00000039b1900000) (1024K)]

[error occurred during error reporting (printing all threads), id 0xc0000005, EXCEPTION_ACCESS_VIOLATION (0xc0000005) at pc=0x00007ffc12ecc097]
VM state: not at safepoint (not fully initialized)

VM Mutex/Monitor currently owned by a thread:  ([mutex/lock_event])
[0x00007ffc137c8648] Heap_lock - owner thread: 0x0000019438d63ac0

Heap address: 0x0000000082800000, size: 2008 MB, Compressed Oops mode: 32-bit

CDS archive(s) mapped at: [0x0000000000000000-0x0000000000000000-0x0000000000000000), size 0, SharedBaseAddress: 0x0000000800000000, ArchiveRelocationMode: 1.
Narrow klass base: 0x0000000000000000, Narrow klass shift: 0, Narrow klass range: 0x0

GC Precious Log:
 CardTable entry size: 512
 Card Set container configuration: InlinePtr #cards 5 size 8 Array Of Cards #cards 12 size 40 Howl #buckets 4 coarsen threshold 1843 Howl Bitmap #cards 512 size 80 coarsen threshold 460 Card regions per heap region 1 cards per card region 2048

Heap:
 garbage-first heap   total 0K, used 0K [0x0000000082800000, 0x0000000100000000)
  region size 1024K, 0 young (0K), 0 survivors (0K)

[error occurred during error reporting (printing heap information), id 0xc0000005, EXCEPTION_ACCESS_VIOLATION (0xc0000005) at pc=0x00007ffc132b1939]
GC Heap History (0 events):
No events

Dll operation events (1 events):
Event: 0.018 Loaded shared library C:\Users\Alena\.jdks\openjdk-21\bin\java.dll

Deoptimization events (0 events):
No events

Classes loaded (0 events):
No events

Classes unloaded (0 events):
No events

Classes redefined (0 events):
No events

Internal exceptions (0 events):
No events

ZGC Phase Switch (0 events):
No events

VM Operations (0 events):
No events

Events (0 events):
No events


Dynamic libraries:
0x00007ff65b0c0000 - 0x00007ff65b0ce000 	C:\Users\Alena\.jdks\openjdk-21\bin\java.exe
0x00007ffc9c230000 - 0x00007ffc9c447000 	C:\WINDOWS\SYSTEM32\ntdll.dll
0x00007ffc9b3b0000 - 0x00007ffc9b474000 	C:\WINDOWS\System32\KERNEL32.DLL
0x00007ffc99bb0000 - 0x00007ffc99f56000 	C:\WINDOWS\System32\KERNELBASE.dll
0x00007ffc99580000 - 0x00007ffc99691000 	C:\WINDOWS\System32\ucrtbase.dll
0x00007ffc86660000 - 0x00007ffc8667b000 	C:\Users\Alena\.jdks\openjdk-21\bin\VCRUNTIME140.dll
0x00007ffc7e920000 - 0x00007ffc7e938000 	C:\Users\Alena\.jdks\openjdk-21\bin\jli.dll
0x00007ffc9afd0000 - 0x00007ffc9b17d000 	C:\WINDOWS\System32\USER32.dll
0x00007ffc99b80000 - 0x00007ffc99ba6000 	C:\WINDOWS\System32\win32u.dll
0x00007ffc89d10000 - 0x00007ffc89fa3000 	C:\WINDOWS\WinSxS\amd64_microsoft.windows.common-controls_6595b64144ccf1df_6.0.22621.2361_none_2712ced57382f843\COMCTL32.dll
0x00007ffc9b760000 - 0x00007ffc9b789000 	C:\WINDOWS\System32\GDI32.dll
0x00007ffc9b180000 - 0x00007ffc9b227000 	C:\WINDOWS\System32\msvcrt.dll
0x00007ffc999f0000 - 0x00007ffc99b08000 	C:\WINDOWS\System32\gdi32full.dll
0x00007ffc996a0000 - 0x00007ffc9973a000 	C:\WINDOWS\System32\msvcp_win.dll
0x00007ffc9b580000 - 0x00007ffc9b5b1000 	C:\WINDOWS\System32\IMM32.DLL
0x00007ffc93ff0000 - 0x00007ffc93ffc000 	C:\Users\Alena\.jdks\openjdk-21\bin\vcruntime140_1.dll
0x00007ffc50f40000 - 0x00007ffc50fce000 	C:\Users\Alena\.jdks\openjdk-21\bin\msvcp140.dll
0x00007ffc12b90000 - 0x00007ffc138a3000 	C:\Users\Alena\.jdks\openjdk-21\bin\server\jvm.dll
0x00007ffc9b4d0000 - 0x00007ffc9b580000 	C:\WINDOWS\System32\ADVAPI32.dll
0x00007ffc9b9f0000 - 0x00007ffc9ba96000 	C:\WINDOWS\System32\sechost.dll
0x00007ffc9a9a0000 - 0x00007ffc9aab7000 	C:\WINDOWS\System32\RPCRT4.dll
0x00007ffc9bbe0000 - 0x00007ffc9bc51000 	C:\WINDOWS\System32\WS2_32.dll
0x00007ffc99450000 - 0x00007ffc9949d000 	C:\WINDOWS\SYSTEM32\POWRPROF.dll
0x00007ffc93200000 - 0x00007ffc93234000 	C:\WINDOWS\SYSTEM32\WINMM.dll
0x00007ffc905d0000 - 0x00007ffc905da000 	C:\WINDOWS\SYSTEM32\VERSION.dll
0x00007ffc99380000 - 0x00007ffc99393000 	C:\WINDOWS\SYSTEM32\UMPDC.dll
0x00007ffc98560000 - 0x00007ffc98578000 	C:\WINDOWS\SYSTEM32\kernel.appcore.dll
0x00007ffc87870000 - 0x00007ffc8787a000 	C:\Users\Alena\.jdks\openjdk-21\bin\jimage.dll
0x00007ffc91760000 - 0x00007ffc9198e000 	C:\WINDOWS\SYSTEM32\DBGHELP.DLL
0x00007ffc9bce0000 - 0x00007ffc9c06a000 	C:\WINDOWS\System32\combase.dll
0x00007ffc9b230000 - 0x00007ffc9b307000 	C:\WINDOWS\System32\OLEAUT32.dll
0x00007ffc7cc70000 - 0x00007ffc7cca2000 	C:\WINDOWS\SYSTEM32\dbgcore.DLL
0x00007ffc99970000 - 0x00007ffc999ea000 	C:\WINDOWS\System32\bcryptPrimitives.dll
0x00007ffc876f0000 - 0x00007ffc876ff000 	C:\Users\Alena\.jdks\openjdk-21\bin\instrument.dll
0x00007ffc7e770000 - 0x00007ffc7e78f000 	C:\Users\Alena\.jdks\openjdk-21\bin\java.dll

dbghelp: loaded successfully - version: 4.0.5 - missing functions: none
symbol engine: initialized successfully - sym options: 0x614 - pdb path: .;C:\Users\Alena\.jdks\openjdk-21\bin;C:\WINDOWS\SYSTEM32;C:\WINDOWS\WinSxS\amd64_microsoft.windows.common-controls_6595b64144ccf1df_6.0.22621.2361_none_2712ced57382f843;C:\Users\Alena\.jdks\openjdk-21\bin\server

VM Arguments:
jvm_args: -javaagent:C:\Program Files\JetBrains\IntelliJ IDEA Community Edition 2022.3.2\lib\idea_rt.jar=51242:C:\Program Files\JetBrains\IntelliJ IDEA Community Edition 2022.3.2\bin -Dfile.encoding=UTF-8 -Dsun.stdout.encoding=UTF-8 -Dsun.stderr.encoding=UTF-8 --module-path=C:\Users\Alena\.m2\repository\org\openjfx\javafx-base\17.0.2\javafx-base-17.0.2-win.jar;C:\Users\Alena\.m2\repository\org\openjfx\javafx-controls\17.0.2\javafx-controls-17.0.2-win.jar;C:\Users\Alena\IdeaProjects\EMAE\target\classes;C:\Users\Alena\.m2\repository\org\openjfx\javafx-graphics\17.0.2\javafx-graphics-17.0.2-win.jar;C:\Users\Alena\.m2\repository\org\openjfx\javafx-fxml\17.0.2\javafx-fxml-17.0.2-win.jar -Djdk.module.main=com.example.emae 
java_command: com.example.emae/com.example.emae.Main
java_class_path (initial): C:\Users\Alena\.m2\repository\org\openjfx\javafx-controls\17.0.2\javafx-controls-17.0.2.jar;C:\Users\Alena\.m2\repository\org\openjfx\javafx-graphics\17.0.2\javafx-graphics-17.0.2.jar;C:\Users\Alena\.m2\repository\org\openjfx\javafx-base\17.0.2\javafx-base-17.0.2.jar;C:\Users\Alena\.m2\repository\org\openjfx\javafx-fxml\17.0.2\javafx-fxml-17.0.2.jar;D:\alennna\Загрузки\mysql-connector-j-8.1.0\mysql-connector-j-8.1.0\mysql-connector-j-8.1.0.jar
Launcher Type: SUN_STANDARD

[Global flags]
     intx CICompilerCount                          = 4                                         {product} {ergonomic}
     uint ConcGCThreads                            = 2                                         {product} {ergonomic}
     uint G1ConcRefinementThreads                  = 8                                         {product} {ergonomic}
   size_t G1HeapRegionSize                         = 1048576                                   {product} {ergonomic}
    uintx GCDrainStackTargetSize                   = 64                                        {product} {ergonomic}
   size_t InitialHeapSize                          = 132120576                                 {product} {ergonomic}
   size_t MarkStackSize                            = 4194304                                   {product} {ergonomic}
   size_t MaxHeapSize                              = 2105540608                                {product} {ergonomic}
   size_t MinHeapDeltaBytes                        = 1048576                                   {product} {ergonomic}
   size_t MinHeapSize                              = 8388608                                   {product} {ergonomic}
    uintx NonNMethodCodeHeapSize                   = 5839372                                {pd product} {ergonomic}
    uintx NonProfiledCodeHeapSize                  = 122909434                              {pd product} {ergonomic}
    uintx ProfiledCodeHeapSize                     = 122909434                              {pd product} {ergonomic}
    uintx ReservedCodeCacheSize                    = 251658240                              {pd product} {ergonomic}
     bool SegmentedCodeCache                       = true                                      {product} {ergonomic}
   size_t SoftMaxHeapSize                          = 2105540608                             {manageable} {ergonomic}
     bool UseCompressedOops                        = true                           {product lp64_product} {ergonomic}
     bool UseG1GC                                  = true                                      {product} {ergonomic}
     bool UseLargePagesIndividualAllocation        = false                                  {pd product} {ergonomic}

Logging:
Log output configuration:
 #0: stdout all=warning uptime,level,tags foldmultilines=false
 #1: stderr all=off uptime,level,tags foldmultilines=false

Environment Variables:
JAVA_HOME=C:\Program Files\Java\jdk-19
PATH=C:\Program Files (x86)\NVIDIA Corporation\PhysX\Common;C:\Program Files\Common Files\Oracle\Java\javapath;C:\Program Files (x86)\Common Files\Oracle\Java\javapath;C:\ProgramData\Oracle\Java\javapath;C:\WINDOWS\system32;C:\WINDOWS;C:\WINDOWS\System32\Wbem;C:\WINDOWS\System32\WindowsPowerShell\v1.0\;C:\WINDOWS\System32\OpenSSH\;C:\Program Files (x86)\dotnet\;%JAVA_HOME;C:\Users\Alena\AppData\Local\Microsoft\WindowsAppsC:\Program Files\Java\jdk-19;;C:\Users\Alena\AppData\Local\Programs\Microsoft VS Code\bin;C:\Users\Alena\AppData\Local\Microsoft\WindowsApps;C:\Program Files\JetBrains\IntelliJ IDEA Community Edition 2022.3.2\bin;
USERNAME=Alena
OS=Windows_NT
PROCESSOR_IDENTIFIER=Intel64 Family 6 Model 142 Stepping 12, GenuineIntel
TMP=C:\Users\Alena\AppData\Local\Temp
TEMP=C:\Users\Alena\AppData\Local\Temp




---------------  S Y S T E M  ---------------

OS:
 Windows 11 , 64 bit Build 22621 (10.0.22621.2428)
OS uptime: 14 days 3:50 hours

CPU: total 8 (initial active 8) (4 cores per cpu, 2 threads per core) family 6 model 142 stepping 12 microcode 0xde, cx8, cmov, fxsr, ht, mmx, 3dnowpref, sse, sse2, sse3, ssse3, sse4.1, sse4.2, popcnt, lzcnt, tsc, tscinvbit, avx, avx2, aes, erms, clmul, bmi1, bmi2, adx, fma, vzeroupper, clflush, clflushopt, rdtscp, f16c
Processor Information for all 8 processors :
  Max Mhz: 2112, Current Mhz: 2112, Mhz Limit: 1605

Memory: 4k page, system-wide physical 8025M (362M free)
TotalPageFile size 32601M (AvailPageFile size 113M)
current process WorkingSet (physical memory assigned to process): 11M, peak: 11M
current process commit charge ("private bytes"): 60M, peak: 186M

vm_info: OpenJDK 64-Bit Server VM (21+35-2513) for windows-amd64 JRE (21+35-2513), built on 2023-08-09T20:25:10Z by "mach5one" with MS VC++ 17.1 (VS2022)

END.
